06/23 12:08:03.213 [http-nio-9090-exec-7/INFO][NativeMethodAccessorImpl.invoke0:-2] [WebSquareConfig.getStringValue] key[//wqDefiner/@value] value[] defaultValue[]
06/23 12:08:03.221 [http-nio-9090-exec-7/INFO][NativeMethodAccessorImpl.invoke0:-2] [WebSquareConfig.getStringValue] key[//upload/@support] value[] defaultValue[true]
06/23 12:08:03.228 [http-nio-9090-exec-7/INFO][NativeMethodAccessorImpl.invoke0:-2] [WebSquareConfig.getStringValue] key[/websquare/upload/maxUploadSize/@value] value[200000000] defaultValue[1048576]
06/23 12:08:03.260 [http-nio-9090-exec-7/INFO][NativeMethodAccessorImpl.invoke0:-2] [WebSquareConfig.getStringValue] key[//upload/encoding/@value] value[UTF-8] defaultValue[KSC5601]
06/23 12:08:03.269 [http-nio-9090-exec-7/INFO][NativeMethodAccessorImpl.invoke0:-2] [WebSquareConfig.getStringValue] key[//upload/baseDir/@value] value[C:\WEBSQUARE_DEV_PACK_SP5\workspace\resource\ws5\websquare_home\upload] defaultValue[null]
06/23 12:08:03.281 [http-nio-9090-exec-7/INFO][NativeMethodAccessorImpl.invoke0:-2] [WebSquareConfig.getStringValue] key[//upload/folderName/@value] value[up] defaultValue[]
06/23 12:08:03.439 [http-nio-9090-exec-7/INFO][NativeMethodAccessorImpl.invoke0:-2] [WebSquareConfig.getStringValue] key[//webpackType/@value] value[] defaultValue[default]
06/23 12:08:04.377 [http-nio-9090-exec-7/INFO][GeneratedMethodAccessor52.invoke:-1] [WebSquareConfig.getStringValue] key[//engineType/@baseFolder] value[] defaultValue[]
06/23 12:08:04.842 [http-nio-9090-exec-7/INFO][GeneratedMethodAccessor52.invoke:-1] [WebSquareConfig.getStringValue] key[//engineType/@coverage] value[notsupport] defaultValue[notsupport]
06/23 12:08:04.843 [http-nio-9090-exec-7/SEVERE][GeneratedMethodAccessor52.invoke:-1] LoadingModule [websquare.WebSquareEngine][3536519][1]
06/23 12:08:05.185 [http-nio-9090-exec-7/INFO][GeneratedMethodAccessor52.invoke:-1] [WebSquareConfig.getStringValue] key[//webpackType/@etag] value[] defaultValue[support]
06/23 12:08:06.213 [http-nio-9090-exec-3/INFO][GeneratedMethodAccessor52.invoke:-1] [WebSquareConfig.getStringValue] key[//date/encoding/@value] value[] defaultValue[UTF-8]
06/23 16:58:36.822 [http-nio-9090-exec-3/INFO][NativeMethodAccessorImpl.invoke0:-2] [WebSquareConfig.getStringValue] key[//wqDefiner/@value] value[] defaultValue[]
06/23 16:58:36.829 [http-nio-9090-exec-3/INFO][NativeMethodAccessorImpl.invoke0:-2] [WebSquareConfig.getStringValue] key[//upload/@support] value[] defaultValue[true]
06/23 16:58:36.832 [http-nio-9090-exec-3/INFO][NativeMethodAccessorImpl.invoke0:-2] [WebSquareConfig.getStringValue] key[/websquare/upload/maxUploadSize/@value] value[200000000] defaultValue[1048576]
06/23 16:58:36.846 [http-nio-9090-exec-3/INFO][NativeMethodAccessorImpl.invoke0:-2] [WebSquareConfig.getStringValue] key[//upload/encoding/@value] value[UTF-8] defaultValue[KSC5601]
06/23 16:58:36.853 [http-nio-9090-exec-3/INFO][NativeMethodAccessorImpl.invoke0:-2] [WebSquareConfig.getStringValue] key[//upload/baseDir/@value] value[C:\WEBSQUARE_DEV_PACK_SP5\workspace\resource\ws5\websquare_home\upload] defaultValue[null]
06/23 16:58:36.855 [http-nio-9090-exec-3/INFO][NativeMethodAccessorImpl.invoke0:-2] [WebSquareConfig.getStringValue] key[//upload/folderName/@value] value[up] defaultValue[]
06/23 16:58:36.942 [http-nio-9090-exec-3/INFO][NativeMethodAccessorImpl.invoke0:-2] [WebSquareConfig.getStringValue] key[//date/encoding/@value] value[] defaultValue[UTF-8]
06/23 17:02:14.308 [http-nio-9090-exec-9/INFO][GeneratedMethodAccessor52.invoke:-1] [WebSquareConfig.getStringValue] key[//webpackType/@value] value[] defaultValue[default]
06/23 17:02:16.478 [http-nio-9090-exec-9/INFO][GeneratedMethodAccessor52.invoke:-1] [WebSquareConfig.getStringValue] key[//engineType/@baseFolder] value[] defaultValue[]
06/23 17:02:17.124 [http-nio-9090-exec-9/INFO][GeneratedMethodAccessor52.invoke:-1] [WebSquareConfig.getStringValue] key[//engineType/@coverage] value[notsupport] defaultValue[notsupport]
06/23 17:02:17.125 [http-nio-9090-exec-9/SEVERE][GeneratedMethodAccessor52.invoke:-1] LoadingModule [websquare.WebSquareEngine][3536519][1]
06/23 17:02:17.447 [http-nio-9090-exec-9/INFO][GeneratedMethodAccessor52.invoke:-1] [WebSquareConfig.getStringValue] key[//webpackType/@etag] value[] defaultValue[support]
