06/26 10:07:00.874 [http-nio-9090-exec-2/INFO][NativeMethodAccessorImpl.invoke0:-2] [WebSquareConfig.getStringValue] key[//wqDefiner/@value] value[] defaultValue[]
06/26 10:07:00.882 [http-nio-9090-exec-2/INFO][NativeMethodAccessorImpl.invoke0:-2] [WebSquareConfig.getStringValue] key[//upload/@support] value[] defaultValue[true]
06/26 10:07:00.889 [http-nio-9090-exec-2/INFO][NativeMethodAccessorImpl.invoke0:-2] [WebSquareConfig.getStringValue] key[/websquare/upload/maxUploadSize/@value] value[200000000] defaultValue[1048576]
06/26 10:07:00.908 [http-nio-9090-exec-2/INFO][NativeMethodAccessorImpl.invoke0:-2] [WebSquareConfig.getStringValue] key[//upload/encoding/@value] value[UTF-8] defaultValue[KSC5601]
06/26 10:07:00.917 [http-nio-9090-exec-2/INFO][NativeMethodAccessorImpl.invoke0:-2] [WebSquareConfig.getStringValue] key[//upload/baseDir/@value] value[C:\WEBSQUARE_DEV_PACK_SP5\workspace\resource\ws5\websquare_home\upload] defaultValue[null]
06/26 10:07:00.920 [http-nio-9090-exec-2/INFO][NativeMethodAccessorImpl.invoke0:-2] [WebSquareConfig.getStringValue] key[//upload/folderName/@value] value[up] defaultValue[]
06/26 10:07:01.034 [http-nio-9090-exec-2/INFO][NativeMethodAccessorImpl.invoke0:-2] [WebSquareConfig.getStringValue] key[//webpackType/@value] value[] defaultValue[default]
06/26 10:07:02.238 [http-nio-9090-exec-2/INFO][GeneratedMethodAccessor51.invoke:-1] [WebSquareConfig.getStringValue] key[//engineType/@baseFolder] value[] defaultValue[]
06/26 10:07:02.692 [http-nio-9090-exec-2/INFO][GeneratedMethodAccessor51.invoke:-1] [WebSquareConfig.getStringValue] key[//engineType/@coverage] value[notsupport] defaultValue[notsupport]
06/26 10:07:02.693 [http-nio-9090-exec-2/SEVERE][GeneratedMethodAccessor51.invoke:-1] LoadingModule [websquare.WebSquareEngine][3536519][1]
06/26 10:07:02.992 [http-nio-9090-exec-2/INFO][GeneratedMethodAccessor51.invoke:-1] [WebSquareConfig.getStringValue] key[//webpackType/@etag] value[] defaultValue[support]
06/26 10:07:03.911 [http-nio-9090-exec-1/INFO][GeneratedMethodAccessor51.invoke:-1] [WebSquareConfig.getStringValue] key[//date/encoding/@value] value[] defaultValue[UTF-8]
06/26 13:28:28.139 [http-nio-9090-exec-10/INFO][NativeMethodAccessorImpl.invoke0:-2] [WebSquareConfig.getStringValue] key[//wqDefiner/@value] value[] defaultValue[]
06/26 13:28:28.144 [http-nio-9090-exec-10/INFO][NativeMethodAccessorImpl.invoke0:-2] [WebSquareConfig.getStringValue] key[//upload/@support] value[] defaultValue[true]
06/26 13:28:28.147 [http-nio-9090-exec-10/INFO][NativeMethodAccessorImpl.invoke0:-2] [WebSquareConfig.getStringValue] key[/websquare/upload/maxUploadSize/@value] value[200000000] defaultValue[1048576]
06/26 13:28:28.163 [http-nio-9090-exec-10/INFO][NativeMethodAccessorImpl.invoke0:-2] [WebSquareConfig.getStringValue] key[//upload/encoding/@value] value[UTF-8] defaultValue[KSC5601]
06/26 13:28:28.170 [http-nio-9090-exec-10/INFO][NativeMethodAccessorImpl.invoke0:-2] [WebSquareConfig.getStringValue] key[//upload/baseDir/@value] value[C:\WEBSQUARE_DEV_PACK_SP5\workspace\resource\ws5\websquare_home\upload] defaultValue[null]
06/26 13:28:28.172 [http-nio-9090-exec-10/INFO][NativeMethodAccessorImpl.invoke0:-2] [WebSquareConfig.getStringValue] key[//upload/folderName/@value] value[up] defaultValue[]
06/26 13:28:28.284 [http-nio-9090-exec-10/INFO][NativeMethodAccessorImpl.invoke0:-2] [WebSquareConfig.getStringValue] key[//webpackType/@value] value[] defaultValue[default]
06/26 13:28:29.204 [http-nio-9090-exec-10/INFO][GeneratedMethodAccessor52.invoke:-1] [WebSquareConfig.getStringValue] key[//engineType/@baseFolder] value[] defaultValue[]
06/26 13:28:29.482 [http-nio-9090-exec-10/INFO][GeneratedMethodAccessor52.invoke:-1] [WebSquareConfig.getStringValue] key[//engineType/@coverage] value[notsupport] defaultValue[notsupport]
06/26 13:28:29.483 [http-nio-9090-exec-10/SEVERE][GeneratedMethodAccessor52.invoke:-1] LoadingModule [websquare.WebSquareEngine][3536519][1]
06/26 13:28:29.765 [http-nio-9090-exec-10/INFO][GeneratedMethodAccessor52.invoke:-1] [WebSquareConfig.getStringValue] key[//webpackType/@etag] value[] defaultValue[support]
06/26 13:28:30.259 [http-nio-9090-exec-6/INFO][GeneratedMethodAccessor52.invoke:-1] [WebSquareConfig.getStringValue] key[//date/encoding/@value] value[] defaultValue[UTF-8]
06/26 13:30:39.868 [http-nio-9090-exec-3/INFO][NativeMethodAccessorImpl.invoke0:-2] [WebSquareConfig.getStringValue] key[//wqDefiner/@value] value[] defaultValue[]
06/26 13:30:39.875 [http-nio-9090-exec-3/INFO][NativeMethodAccessorImpl.invoke0:-2] [WebSquareConfig.getStringValue] key[//upload/@support] value[] defaultValue[true]
06/26 13:30:39.878 [http-nio-9090-exec-3/INFO][NativeMethodAccessorImpl.invoke0:-2] [WebSquareConfig.getStringValue] key[/websquare/upload/maxUploadSize/@value] value[200000000] defaultValue[1048576]
06/26 13:30:39.895 [http-nio-9090-exec-3/INFO][NativeMethodAccessorImpl.invoke0:-2] [WebSquareConfig.getStringValue] key[//upload/encoding/@value] value[UTF-8] defaultValue[KSC5601]
06/26 13:30:39.906 [http-nio-9090-exec-3/INFO][NativeMethodAccessorImpl.invoke0:-2] [WebSquareConfig.getStringValue] key[//upload/baseDir/@value] value[C:\WEBSQUARE_DEV_PACK_SP5\workspace\resource\ws5\websquare_home\upload] defaultValue[null]
06/26 13:30:39.909 [http-nio-9090-exec-3/INFO][NativeMethodAccessorImpl.invoke0:-2] [WebSquareConfig.getStringValue] key[//upload/folderName/@value] value[up] defaultValue[]
06/26 13:30:40.056 [http-nio-9090-exec-3/INFO][NativeMethodAccessorImpl.invoke0:-2] [WebSquareConfig.getStringValue] key[//webpackType/@value] value[] defaultValue[default]
06/26 13:30:40.938 [http-nio-9090-exec-3/INFO][GeneratedMethodAccessor52.invoke:-1] [WebSquareConfig.getStringValue] key[//engineType/@baseFolder] value[] defaultValue[]
06/26 13:30:41.271 [http-nio-9090-exec-3/INFO][GeneratedMethodAccessor52.invoke:-1] [WebSquareConfig.getStringValue] key[//engineType/@coverage] value[notsupport] defaultValue[notsupport]
06/26 13:30:41.271 [http-nio-9090-exec-3/SEVERE][GeneratedMethodAccessor52.invoke:-1] LoadingModule [websquare.WebSquareEngine][3536519][1]
06/26 13:30:41.532 [http-nio-9090-exec-3/INFO][GeneratedMethodAccessor52.invoke:-1] [WebSquareConfig.getStringValue] key[//webpackType/@etag] value[] defaultValue[support]
06/26 13:30:42.028 [http-nio-9090-exec-2/INFO][GeneratedMethodAccessor52.invoke:-1] [WebSquareConfig.getStringValue] key[//date/encoding/@value] value[] defaultValue[UTF-8]
06/26 13:41:29.613 [http-nio-9090-exec-8/INFO][NativeMethodAccessorImpl.invoke0:-2] [WebSquareConfig.getStringValue] key[//wqDefiner/@value] value[] defaultValue[]
06/26 13:41:29.618 [http-nio-9090-exec-8/INFO][NativeMethodAccessorImpl.invoke0:-2] [WebSquareConfig.getStringValue] key[//upload/@support] value[] defaultValue[true]
06/26 13:41:29.622 [http-nio-9090-exec-8/INFO][NativeMethodAccessorImpl.invoke0:-2] [WebSquareConfig.getStringValue] key[/websquare/upload/maxUploadSize/@value] value[200000000] defaultValue[1048576]
06/26 13:41:29.635 [http-nio-9090-exec-8/INFO][NativeMethodAccessorImpl.invoke0:-2] [WebSquareConfig.getStringValue] key[//upload/encoding/@value] value[UTF-8] defaultValue[KSC5601]
06/26 13:41:29.649 [http-nio-9090-exec-8/INFO][NativeMethodAccessorImpl.invoke0:-2] [WebSquareConfig.getStringValue] key[//upload/baseDir/@value] value[C:\WEBSQUARE_DEV_PACK_SP5\workspace\resource\ws5\websquare_home\upload] defaultValue[null]
06/26 13:41:29.651 [http-nio-9090-exec-8/INFO][NativeMethodAccessorImpl.invoke0:-2] [WebSquareConfig.getStringValue] key[//upload/folderName/@value] value[up] defaultValue[]
06/26 13:41:29.743 [http-nio-9090-exec-8/INFO][NativeMethodAccessorImpl.invoke0:-2] [WebSquareConfig.getStringValue] key[//webpackType/@value] value[] defaultValue[default]
06/26 13:41:30.498 [http-nio-9090-exec-8/INFO][GeneratedMethodAccessor52.invoke:-1] [WebSquareConfig.getStringValue] key[//engineType/@baseFolder] value[] defaultValue[]
06/26 13:41:30.865 [http-nio-9090-exec-8/INFO][GeneratedMethodAccessor52.invoke:-1] [WebSquareConfig.getStringValue] key[//engineType/@coverage] value[notsupport] defaultValue[notsupport]
06/26 13:41:30.865 [http-nio-9090-exec-8/SEVERE][GeneratedMethodAccessor52.invoke:-1] LoadingModule [websquare.WebSquareEngine][3536519][1]
06/26 13:41:31.121 [http-nio-9090-exec-8/INFO][GeneratedMethodAccessor52.invoke:-1] [WebSquareConfig.getStringValue] key[//webpackType/@etag] value[] defaultValue[support]
06/26 13:41:31.639 [http-nio-9090-exec-5/INFO][GeneratedMethodAccessor52.invoke:-1] [WebSquareConfig.getStringValue] key[//date/encoding/@value] value[] defaultValue[UTF-8]
06/26 13:52:05.689 [http-nio-9090-exec-8/INFO][NativeMethodAccessorImpl.invoke0:-2] [WebSquareConfig.getStringValue] key[//wqDefiner/@value] value[] defaultValue[]
06/26 13:52:05.696 [http-nio-9090-exec-8/INFO][NativeMethodAccessorImpl.invoke0:-2] [WebSquareConfig.getStringValue] key[//upload/@support] value[] defaultValue[true]
06/26 13:52:05.699 [http-nio-9090-exec-8/INFO][NativeMethodAccessorImpl.invoke0:-2] [WebSquareConfig.getStringValue] key[/websquare/upload/maxUploadSize/@value] value[200000000] defaultValue[1048576]
06/26 13:52:05.714 [http-nio-9090-exec-8/INFO][NativeMethodAccessorImpl.invoke0:-2] [WebSquareConfig.getStringValue] key[//upload/encoding/@value] value[UTF-8] defaultValue[KSC5601]
06/26 13:52:05.722 [http-nio-9090-exec-8/INFO][NativeMethodAccessorImpl.invoke0:-2] [WebSquareConfig.getStringValue] key[//upload/baseDir/@value] value[C:\WEBSQUARE_DEV_PACK_SP5\workspace\resource\ws5\websquare_home\upload] defaultValue[null]
06/26 13:52:05.724 [http-nio-9090-exec-8/INFO][NativeMethodAccessorImpl.invoke0:-2] [WebSquareConfig.getStringValue] key[//upload/folderName/@value] value[up] defaultValue[]
06/26 13:52:05.812 [http-nio-9090-exec-8/INFO][NativeMethodAccessorImpl.invoke0:-2] [WebSquareConfig.getStringValue] key[//webpackType/@value] value[] defaultValue[default]
06/26 13:52:06.678 [http-nio-9090-exec-8/INFO][GeneratedMethodAccessor52.invoke:-1] [WebSquareConfig.getStringValue] key[//engineType/@baseFolder] value[] defaultValue[]
06/26 13:52:06.946 [http-nio-9090-exec-8/INFO][GeneratedMethodAccessor52.invoke:-1] [WebSquareConfig.getStringValue] key[//engineType/@coverage] value[notsupport] defaultValue[notsupport]
06/26 13:52:06.946 [http-nio-9090-exec-8/SEVERE][GeneratedMethodAccessor52.invoke:-1] LoadingModule [websquare.WebSquareEngine][3536519][1]
06/26 13:52:07.177 [http-nio-9090-exec-8/INFO][GeneratedMethodAccessor52.invoke:-1] [WebSquareConfig.getStringValue] key[//webpackType/@etag] value[] defaultValue[support]
06/26 13:52:07.815 [http-nio-9090-exec-6/INFO][GeneratedMethodAccessor52.invoke:-1] [WebSquareConfig.getStringValue] key[//date/encoding/@value] value[] defaultValue[UTF-8]
06/26 14:03:46.404 [http-nio-9090-exec-2/INFO][NativeMethodAccessorImpl.invoke0:-2] [WebSquareConfig.getStringValue] key[//wqDefiner/@value] value[] defaultValue[]
06/26 14:03:46.408 [http-nio-9090-exec-2/INFO][NativeMethodAccessorImpl.invoke0:-2] [WebSquareConfig.getStringValue] key[//upload/@support] value[] defaultValue[true]
06/26 14:03:46.410 [http-nio-9090-exec-2/INFO][NativeMethodAccessorImpl.invoke0:-2] [WebSquareConfig.getStringValue] key[/websquare/upload/maxUploadSize/@value] value[200000000] defaultValue[1048576]
06/26 14:03:46.422 [http-nio-9090-exec-2/INFO][NativeMethodAccessorImpl.invoke0:-2] [WebSquareConfig.getStringValue] key[//upload/encoding/@value] value[UTF-8] defaultValue[KSC5601]
06/26 14:03:46.425 [http-nio-9090-exec-2/INFO][NativeMethodAccessorImpl.invoke0:-2] [WebSquareConfig.getStringValue] key[//upload/baseDir/@value] value[C:\WEBSQUARE_DEV_PACK_SP5\workspace\resource\ws5\websquare_home\upload] defaultValue[null]
06/26 14:03:46.426 [http-nio-9090-exec-2/INFO][NativeMethodAccessorImpl.invoke0:-2] [WebSquareConfig.getStringValue] key[//upload/folderName/@value] value[up] defaultValue[]
06/26 14:03:46.482 [http-nio-9090-exec-2/INFO][NativeMethodAccessorImpl.invoke0:-2] [WebSquareConfig.getStringValue] key[//date/encoding/@value] value[] defaultValue[UTF-8]
06/26 14:11:46.644 [http-nio-9090-exec-2/INFO][NativeMethodAccessorImpl.invoke0:-2] [WebSquareConfig.getStringValue] key[//wqDefiner/@value] value[] defaultValue[]
06/26 14:11:46.655 [http-nio-9090-exec-2/INFO][NativeMethodAccessorImpl.invoke0:-2] [WebSquareConfig.getStringValue] key[//upload/@support] value[] defaultValue[true]
06/26 14:11:46.660 [http-nio-9090-exec-2/INFO][NativeMethodAccessorImpl.invoke0:-2] [WebSquareConfig.getStringValue] key[/websquare/upload/maxUploadSize/@value] value[200000000] defaultValue[1048576]
06/26 14:11:46.686 [http-nio-9090-exec-2/INFO][NativeMethodAccessorImpl.invoke0:-2] [WebSquareConfig.getStringValue] key[//upload/encoding/@value] value[UTF-8] defaultValue[KSC5601]
06/26 14:11:46.700 [http-nio-9090-exec-2/INFO][NativeMethodAccessorImpl.invoke0:-2] [WebSquareConfig.getStringValue] key[//upload/baseDir/@value] value[C:\WEBSQUARE_DEV_PACK_SP5\workspace\resource\ws5\websquare_home\upload] defaultValue[null]
06/26 14:11:46.707 [http-nio-9090-exec-2/INFO][NativeMethodAccessorImpl.invoke0:-2] [WebSquareConfig.getStringValue] key[//upload/folderName/@value] value[up] defaultValue[]
06/26 14:11:46.861 [http-nio-9090-exec-2/INFO][NativeMethodAccessorImpl.invoke0:-2] [WebSquareConfig.getStringValue] key[//date/encoding/@value] value[] defaultValue[UTF-8]
06/26 14:16:34.827 [http-nio-9090-exec-8/INFO][GeneratedMethodAccessor43.invoke:-1] [WebSquareConfig.getStringValue] key[//webpackType/@value] value[] defaultValue[default]
06/26 14:16:35.631 [http-nio-9090-exec-8/INFO][GeneratedMethodAccessor43.invoke:-1] [WebSquareConfig.getStringValue] key[//engineType/@baseFolder] value[] defaultValue[]
06/26 14:16:35.867 [http-nio-9090-exec-8/INFO][GeneratedMethodAccessor43.invoke:-1] [WebSquareConfig.getStringValue] key[//engineType/@coverage] value[notsupport] defaultValue[notsupport]
06/26 14:16:35.867 [http-nio-9090-exec-8/SEVERE][GeneratedMethodAccessor43.invoke:-1] LoadingModule [websquare.WebSquareEngine][3536519][1]
06/26 14:16:36.055 [http-nio-9090-exec-8/INFO][GeneratedMethodAccessor43.invoke:-1] [WebSquareConfig.getStringValue] key[//webpackType/@etag] value[] defaultValue[support]
06/26 14:17:46.391 [http-nio-9090-exec-5/INFO][NativeMethodAccessorImpl.invoke0:-2] [WebSquareConfig.getStringValue] key[//wqDefiner/@value] value[] defaultValue[]
06/26 14:17:46.395 [http-nio-9090-exec-5/INFO][NativeMethodAccessorImpl.invoke0:-2] [WebSquareConfig.getStringValue] key[//upload/@support] value[] defaultValue[true]
06/26 14:17:46.401 [http-nio-9090-exec-5/INFO][NativeMethodAccessorImpl.invoke0:-2] [WebSquareConfig.getStringValue] key[/websquare/upload/maxUploadSize/@value] value[200000000] defaultValue[1048576]
06/26 14:17:46.416 [http-nio-9090-exec-5/INFO][NativeMethodAccessorImpl.invoke0:-2] [WebSquareConfig.getStringValue] key[//upload/encoding/@value] value[UTF-8] defaultValue[KSC5601]
06/26 14:17:46.421 [http-nio-9090-exec-5/INFO][NativeMethodAccessorImpl.invoke0:-2] [WebSquareConfig.getStringValue] key[//upload/baseDir/@value] value[C:\WEBSQUARE_DEV_PACK_SP5\workspace\resource\ws5\websquare_home\upload] defaultValue[null]
06/26 14:17:46.423 [http-nio-9090-exec-5/INFO][NativeMethodAccessorImpl.invoke0:-2] [WebSquareConfig.getStringValue] key[//upload/folderName/@value] value[up] defaultValue[]
06/26 14:17:46.501 [http-nio-9090-exec-5/INFO][NativeMethodAccessorImpl.invoke0:-2] [WebSquareConfig.getStringValue] key[//date/encoding/@value] value[] defaultValue[UTF-8]
06/26 14:17:46.508 [http-nio-9090-exec-9/INFO][GeneratedMethodAccessor74.invoke:-1] [WebSquareConfig.getStringValue] key[//date/encoding/@value] value[] defaultValue[UTF-8]
06/26 14:20:46.372 [http-nio-9090-exec-15/INFO][NativeMethodAccessorImpl.invoke0:-2] [WebSquareConfig.getStringValue] key[//wqDefiner/@value] value[] defaultValue[]
06/26 14:20:46.375 [http-nio-9090-exec-15/INFO][NativeMethodAccessorImpl.invoke0:-2] [WebSquareConfig.getStringValue] key[//upload/@support] value[] defaultValue[true]
06/26 14:20:46.378 [http-nio-9090-exec-15/INFO][NativeMethodAccessorImpl.invoke0:-2] [WebSquareConfig.getStringValue] key[/websquare/upload/maxUploadSize/@value] value[200000000] defaultValue[1048576]
06/26 14:20:46.388 [http-nio-9090-exec-15/INFO][NativeMethodAccessorImpl.invoke0:-2] [WebSquareConfig.getStringValue] key[//upload/encoding/@value] value[UTF-8] defaultValue[KSC5601]
06/26 14:20:46.392 [http-nio-9090-exec-15/INFO][NativeMethodAccessorImpl.invoke0:-2] [WebSquareConfig.getStringValue] key[//upload/baseDir/@value] value[C:\WEBSQUARE_DEV_PACK_SP5\workspace\resource\ws5\websquare_home\upload] defaultValue[null]
06/26 14:20:46.393 [http-nio-9090-exec-15/INFO][NativeMethodAccessorImpl.invoke0:-2] [WebSquareConfig.getStringValue] key[//upload/folderName/@value] value[up] defaultValue[]
06/26 14:20:46.451 [http-nio-9090-exec-15/INFO][NativeMethodAccessorImpl.invoke0:-2] [WebSquareConfig.getStringValue] key[//date/encoding/@value] value[] defaultValue[UTF-8]
06/26 14:33:12.356 [http-nio-9090-exec-19/INFO][GeneratedMethodAccessor88.invoke:-1] [WebSquareConfig.getStringValue] key[//webpackType/@value] value[] defaultValue[default]
06/26 14:33:13.039 [http-nio-9090-exec-19/INFO][GeneratedMethodAccessor88.invoke:-1] [WebSquareConfig.getStringValue] key[//engineType/@baseFolder] value[] defaultValue[]
06/26 14:33:13.209 [http-nio-9090-exec-19/INFO][GeneratedMethodAccessor88.invoke:-1] [WebSquareConfig.getStringValue] key[//engineType/@coverage] value[notsupport] defaultValue[notsupport]
06/26 14:33:13.210 [http-nio-9090-exec-19/SEVERE][GeneratedMethodAccessor88.invoke:-1] LoadingModule [websquare.WebSquareEngine][3536519][1]
06/26 14:33:13.386 [http-nio-9090-exec-19/INFO][GeneratedMethodAccessor88.invoke:-1] [WebSquareConfig.getStringValue] key[//webpackType/@etag] value[] defaultValue[support]
06/26 16:10:46.365 [http-nio-9090-exec-20/INFO][NativeMethodAccessorImpl.invoke0:-2] [WebSquareConfig.getStringValue] key[//wqDefiner/@value] value[] defaultValue[]
06/26 16:10:46.370 [http-nio-9090-exec-20/INFO][NativeMethodAccessorImpl.invoke0:-2] [WebSquareConfig.getStringValue] key[//upload/@support] value[] defaultValue[true]
06/26 16:10:46.372 [http-nio-9090-exec-20/INFO][NativeMethodAccessorImpl.invoke0:-2] [WebSquareConfig.getStringValue] key[/websquare/upload/maxUploadSize/@value] value[200000000] defaultValue[1048576]
06/26 16:10:46.382 [http-nio-9090-exec-20/INFO][NativeMethodAccessorImpl.invoke0:-2] [WebSquareConfig.getStringValue] key[//upload/encoding/@value] value[UTF-8] defaultValue[KSC5601]
06/26 16:10:46.387 [http-nio-9090-exec-20/INFO][NativeMethodAccessorImpl.invoke0:-2] [WebSquareConfig.getStringValue] key[//upload/baseDir/@value] value[C:\WEBSQUARE_DEV_PACK_SP5\workspace\resource\ws5\websquare_home\upload] defaultValue[null]
06/26 16:10:46.389 [http-nio-9090-exec-20/INFO][NativeMethodAccessorImpl.invoke0:-2] [WebSquareConfig.getStringValue] key[//upload/folderName/@value] value[up] defaultValue[]
06/26 16:10:46.440 [http-nio-9090-exec-20/INFO][NativeMethodAccessorImpl.invoke0:-2] [WebSquareConfig.getStringValue] key[//date/encoding/@value] value[] defaultValue[UTF-8]
06/26 16:15:46.389 [http-nio-9090-exec-34/INFO][NativeMethodAccessorImpl.invoke0:-2] [WebSquareConfig.getStringValue] key[//wqDefiner/@value] value[] defaultValue[]
06/26 16:15:46.393 [http-nio-9090-exec-34/INFO][NativeMethodAccessorImpl.invoke0:-2] [WebSquareConfig.getStringValue] key[//upload/@support] value[] defaultValue[true]
06/26 16:15:46.399 [http-nio-9090-exec-34/INFO][NativeMethodAccessorImpl.invoke0:-2] [WebSquareConfig.getStringValue] key[/websquare/upload/maxUploadSize/@value] value[200000000] defaultValue[1048576]
06/26 16:15:46.407 [http-nio-9090-exec-34/INFO][NativeMethodAccessorImpl.invoke0:-2] [WebSquareConfig.getStringValue] key[//upload/encoding/@value] value[UTF-8] defaultValue[KSC5601]
06/26 16:15:46.411 [http-nio-9090-exec-34/INFO][NativeMethodAccessorImpl.invoke0:-2] [WebSquareConfig.getStringValue] key[//upload/baseDir/@value] value[C:\WEBSQUARE_DEV_PACK_SP5\workspace\resource\ws5\websquare_home\upload] defaultValue[null]
06/26 16:15:46.412 [http-nio-9090-exec-34/INFO][NativeMethodAccessorImpl.invoke0:-2] [WebSquareConfig.getStringValue] key[//upload/folderName/@value] value[up] defaultValue[]
06/26 16:15:46.475 [http-nio-9090-exec-34/INFO][NativeMethodAccessorImpl.invoke0:-2] [WebSquareConfig.getStringValue] key[//date/encoding/@value] value[] defaultValue[UTF-8]
06/26 16:15:46.480 [http-nio-9090-exec-33/INFO][GeneratedMethodAccessor121.invoke:-1] [WebSquareConfig.getStringValue] key[//date/encoding/@value] value[] defaultValue[UTF-8]
06/26 16:15:46.484 [http-nio-9090-exec-32/INFO][GeneratedMethodAccessor121.invoke:-1] [WebSquareConfig.getStringValue] key[//date/encoding/@value] value[] defaultValue[UTF-8]
06/26 16:17:02.753 [http-nio-9090-exec-32/INFO][GeneratedMethodAccessor121.invoke:-1] [WebSquareConfig.getStringValue] key[//webpackType/@value] value[] defaultValue[default]
06/26 16:17:03.887 [http-nio-9090-exec-32/INFO][GeneratedMethodAccessor121.invoke:-1] [WebSquareConfig.getStringValue] key[//engineType/@baseFolder] value[] defaultValue[]
06/26 16:17:04.115 [http-nio-9090-exec-32/INFO][GeneratedMethodAccessor121.invoke:-1] [WebSquareConfig.getStringValue] key[//engineType/@coverage] value[notsupport] defaultValue[notsupport]
06/26 16:17:04.115 [http-nio-9090-exec-32/SEVERE][GeneratedMethodAccessor121.invoke:-1] LoadingModule [websquare.WebSquareEngine][3536519][1]
06/26 16:17:04.274 [http-nio-9090-exec-32/INFO][GeneratedMethodAccessor121.invoke:-1] [WebSquareConfig.getStringValue] key[//webpackType/@etag] value[] defaultValue[support]
06/26 16:25:25.297 [http-nio-9090-exec-5/INFO][NativeMethodAccessorImpl.invoke0:-2] [WebSquareConfig.getStringValue] key[//wqDefiner/@value] value[] defaultValue[]
06/26 16:25:25.308 [http-nio-9090-exec-5/INFO][NativeMethodAccessorImpl.invoke0:-2] [WebSquareConfig.getStringValue] key[//upload/@support] value[] defaultValue[true]
06/26 16:25:25.311 [http-nio-9090-exec-5/INFO][NativeMethodAccessorImpl.invoke0:-2] [WebSquareConfig.getStringValue] key[/websquare/upload/maxUploadSize/@value] value[200000000] defaultValue[1048576]
06/26 16:25:25.336 [http-nio-9090-exec-5/INFO][NativeMethodAccessorImpl.invoke0:-2] [WebSquareConfig.getStringValue] key[//upload/encoding/@value] value[UTF-8] defaultValue[KSC5601]
06/26 16:25:25.345 [http-nio-9090-exec-5/INFO][NativeMethodAccessorImpl.invoke0:-2] [WebSquareConfig.getStringValue] key[//upload/baseDir/@value] value[C:\WEBSQUARE_DEV_PACK_SP5\workspace\resource\ws5\websquare_home\upload] defaultValue[null]
06/26 16:25:25.349 [http-nio-9090-exec-5/INFO][NativeMethodAccessorImpl.invoke0:-2] [WebSquareConfig.getStringValue] key[//upload/folderName/@value] value[up] defaultValue[]
06/26 16:25:25.467 [http-nio-9090-exec-5/INFO][NativeMethodAccessorImpl.invoke0:-2] [WebSquareConfig.getStringValue] key[//webpackType/@value] value[] defaultValue[default]
06/26 16:25:26.232 [http-nio-9090-exec-5/INFO][GeneratedMethodAccessor52.invoke:-1] [WebSquareConfig.getStringValue] key[//engineType/@baseFolder] value[] defaultValue[]
06/26 16:25:26.487 [http-nio-9090-exec-5/INFO][GeneratedMethodAccessor52.invoke:-1] [WebSquareConfig.getStringValue] key[//engineType/@coverage] value[notsupport] defaultValue[notsupport]
06/26 16:25:26.488 [http-nio-9090-exec-5/SEVERE][GeneratedMethodAccessor52.invoke:-1] LoadingModule [websquare.WebSquareEngine][3536519][1]
06/26 16:25:26.760 [http-nio-9090-exec-5/INFO][GeneratedMethodAccessor52.invoke:-1] [WebSquareConfig.getStringValue] key[//webpackType/@etag] value[] defaultValue[support]
06/26 16:25:27.155 [http-nio-9090-exec-10/INFO][GeneratedMethodAccessor52.invoke:-1] [WebSquareConfig.getStringValue] key[//date/encoding/@value] value[] defaultValue[UTF-8]
06/26 16:44:15.952 [http-nio-9090-exec-4/INFO][NativeMethodAccessorImpl.invoke0:-2] [WebSquareConfig.getStringValue] key[//wqDefiner/@value] value[] defaultValue[]
06/26 16:44:15.956 [http-nio-9090-exec-4/INFO][NativeMethodAccessorImpl.invoke0:-2] [WebSquareConfig.getStringValue] key[//upload/@support] value[] defaultValue[true]
06/26 16:44:15.960 [http-nio-9090-exec-4/INFO][NativeMethodAccessorImpl.invoke0:-2] [WebSquareConfig.getStringValue] key[/websquare/upload/maxUploadSize/@value] value[200000000] defaultValue[1048576]
06/26 16:44:15.972 [http-nio-9090-exec-4/INFO][NativeMethodAccessorImpl.invoke0:-2] [WebSquareConfig.getStringValue] key[//upload/encoding/@value] value[UTF-8] defaultValue[KSC5601]
06/26 16:44:15.987 [http-nio-9090-exec-4/INFO][NativeMethodAccessorImpl.invoke0:-2] [WebSquareConfig.getStringValue] key[//upload/baseDir/@value] value[C:\WEBSQUARE_DEV_PACK_SP5\workspace\resource\ws5\websquare_home\upload] defaultValue[null]
06/26 16:44:15.989 [http-nio-9090-exec-4/INFO][NativeMethodAccessorImpl.invoke0:-2] [WebSquareConfig.getStringValue] key[//upload/folderName/@value] value[up] defaultValue[]
06/26 16:44:16.062 [http-nio-9090-exec-4/INFO][NativeMethodAccessorImpl.invoke0:-2] [WebSquareConfig.getStringValue] key[//webpackType/@value] value[] defaultValue[default]
06/26 16:44:16.795 [http-nio-9090-exec-4/INFO][GeneratedMethodAccessor63.invoke:-1] [WebSquareConfig.getStringValue] key[//engineType/@baseFolder] value[] defaultValue[]
06/26 16:44:17.095 [http-nio-9090-exec-4/INFO][GeneratedMethodAccessor63.invoke:-1] [WebSquareConfig.getStringValue] key[//engineType/@coverage] value[notsupport] defaultValue[notsupport]
06/26 16:44:17.096 [http-nio-9090-exec-4/SEVERE][GeneratedMethodAccessor63.invoke:-1] LoadingModule [websquare.WebSquareEngine][3536519][1]
06/26 16:44:17.359 [http-nio-9090-exec-4/INFO][GeneratedMethodAccessor63.invoke:-1] [WebSquareConfig.getStringValue] key[//webpackType/@etag] value[] defaultValue[support]
06/26 16:44:17.857 [http-nio-9090-exec-3/INFO][GeneratedMethodAccessor63.invoke:-1] [WebSquareConfig.getStringValue] key[//date/encoding/@value] value[] defaultValue[UTF-8]
06/26 16:46:46.349 [http-nio-9090-exec-5/INFO][NativeMethodAccessorImpl.invoke0:-2] [WebSquareConfig.getStringValue] key[//wqDefiner/@value] value[] defaultValue[]
06/26 16:46:46.353 [http-nio-9090-exec-5/INFO][NativeMethodAccessorImpl.invoke0:-2] [WebSquareConfig.getStringValue] key[//upload/@support] value[] defaultValue[true]
06/26 16:46:46.355 [http-nio-9090-exec-5/INFO][NativeMethodAccessorImpl.invoke0:-2] [WebSquareConfig.getStringValue] key[/websquare/upload/maxUploadSize/@value] value[200000000] defaultValue[1048576]
06/26 16:46:46.364 [http-nio-9090-exec-5/INFO][NativeMethodAccessorImpl.invoke0:-2] [WebSquareConfig.getStringValue] key[//upload/encoding/@value] value[UTF-8] defaultValue[KSC5601]
06/26 16:46:46.369 [http-nio-9090-exec-5/INFO][NativeMethodAccessorImpl.invoke0:-2] [WebSquareConfig.getStringValue] key[//upload/baseDir/@value] value[C:\WEBSQUARE_DEV_PACK_SP5\workspace\resource\ws5\websquare_home\upload] defaultValue[null]
06/26 16:46:46.371 [http-nio-9090-exec-5/INFO][NativeMethodAccessorImpl.invoke0:-2] [WebSquareConfig.getStringValue] key[//upload/folderName/@value] value[up] defaultValue[]
06/26 16:46:46.433 [http-nio-9090-exec-5/INFO][NativeMethodAccessorImpl.invoke0:-2] [WebSquareConfig.getStringValue] key[//date/encoding/@value] value[] defaultValue[UTF-8]
06/26 16:50:10.468 [http-nio-9090-exec-18/INFO][GeneratedMethodAccessor79.invoke:-1] [WebSquareConfig.getStringValue] key[//webpackType/@value] value[] defaultValue[default]
06/26 16:50:11.210 [http-nio-9090-exec-18/INFO][GeneratedMethodAccessor79.invoke:-1] [WebSquareConfig.getStringValue] key[//engineType/@baseFolder] value[] defaultValue[]
06/26 16:50:11.384 [http-nio-9090-exec-18/INFO][GeneratedMethodAccessor79.invoke:-1] [WebSquareConfig.getStringValue] key[//engineType/@coverage] value[notsupport] defaultValue[notsupport]
06/26 16:50:11.385 [http-nio-9090-exec-18/SEVERE][GeneratedMethodAccessor79.invoke:-1] LoadingModule [websquare.WebSquareEngine][3536519][1]
06/26 16:50:11.548 [http-nio-9090-exec-18/INFO][GeneratedMethodAccessor79.invoke:-1] [WebSquareConfig.getStringValue] key[//webpackType/@etag] value[] defaultValue[support]
06/26 17:05:46.415 [http-nio-9090-exec-24/INFO][NativeMethodAccessorImpl.invoke0:-2] [WebSquareConfig.getStringValue] key[//wqDefiner/@value] value[] defaultValue[]
06/26 17:05:46.439 [http-nio-9090-exec-24/INFO][NativeMethodAccessorImpl.invoke0:-2] [WebSquareConfig.getStringValue] key[//upload/@support] value[] defaultValue[true]
06/26 17:05:46.444 [http-nio-9090-exec-24/INFO][NativeMethodAccessorImpl.invoke0:-2] [WebSquareConfig.getStringValue] key[/websquare/upload/maxUploadSize/@value] value[200000000] defaultValue[1048576]
06/26 17:05:46.469 [http-nio-9090-exec-24/INFO][NativeMethodAccessorImpl.invoke0:-2] [WebSquareConfig.getStringValue] key[//upload/encoding/@value] value[UTF-8] defaultValue[KSC5601]
06/26 17:05:46.474 [http-nio-9090-exec-24/INFO][NativeMethodAccessorImpl.invoke0:-2] [WebSquareConfig.getStringValue] key[//upload/baseDir/@value] value[C:\WEBSQUARE_DEV_PACK_SP5\workspace\resource\ws5\websquare_home\upload] defaultValue[null]
06/26 17:05:46.476 [http-nio-9090-exec-24/INFO][NativeMethodAccessorImpl.invoke0:-2] [WebSquareConfig.getStringValue] key[//upload/folderName/@value] value[up] defaultValue[]
06/26 17:05:46.574 [http-nio-9090-exec-24/INFO][NativeMethodAccessorImpl.invoke0:-2] [WebSquareConfig.getStringValue] key[//date/encoding/@value] value[] defaultValue[UTF-8]
06/26 17:22:46.393 [http-nio-9090-exec-3/INFO][NativeMethodAccessorImpl.invoke0:-2] [WebSquareConfig.getStringValue] key[//wqDefiner/@value] value[] defaultValue[]
06/26 17:22:46.398 [http-nio-9090-exec-3/INFO][NativeMethodAccessorImpl.invoke0:-2] [WebSquareConfig.getStringValue] key[//upload/@support] value[] defaultValue[true]
06/26 17:22:46.401 [http-nio-9090-exec-3/INFO][NativeMethodAccessorImpl.invoke0:-2] [WebSquareConfig.getStringValue] key[/websquare/upload/maxUploadSize/@value] value[200000000] defaultValue[1048576]
06/26 17:22:46.417 [http-nio-9090-exec-3/INFO][NativeMethodAccessorImpl.invoke0:-2] [WebSquareConfig.getStringValue] key[//upload/encoding/@value] value[UTF-8] defaultValue[KSC5601]
06/26 17:22:46.424 [http-nio-9090-exec-3/INFO][NativeMethodAccessorImpl.invoke0:-2] [WebSquareConfig.getStringValue] key[//upload/baseDir/@value] value[C:\WEBSQUARE_DEV_PACK_SP5\workspace\resource\ws5\websquare_home\upload] defaultValue[null]
06/26 17:22:46.426 [http-nio-9090-exec-3/INFO][NativeMethodAccessorImpl.invoke0:-2] [WebSquareConfig.getStringValue] key[//upload/folderName/@value] value[up] defaultValue[]
06/26 17:22:46.526 [http-nio-9090-exec-3/INFO][NativeMethodAccessorImpl.invoke0:-2] [WebSquareConfig.getStringValue] key[//date/encoding/@value] value[] defaultValue[UTF-8]
06/26 17:25:46.060 [http-nio-9090-exec-4/INFO][NativeMethodAccessorImpl.invoke0:-2] [WebSquareConfig.getStringValue] key[//wqDefiner/@value] value[] defaultValue[]
06/26 17:25:46.070 [http-nio-9090-exec-4/INFO][NativeMethodAccessorImpl.invoke0:-2] [WebSquareConfig.getStringValue] key[//upload/@support] value[] defaultValue[true]
06/26 17:25:46.074 [http-nio-9090-exec-4/INFO][NativeMethodAccessorImpl.invoke0:-2] [WebSquareConfig.getStringValue] key[/websquare/upload/maxUploadSize/@value] value[200000000] defaultValue[1048576]
06/26 17:25:46.089 [http-nio-9090-exec-4/INFO][NativeMethodAccessorImpl.invoke0:-2] [WebSquareConfig.getStringValue] key[//upload/encoding/@value] value[UTF-8] defaultValue[KSC5601]
06/26 17:25:46.095 [http-nio-9090-exec-4/INFO][NativeMethodAccessorImpl.invoke0:-2] [WebSquareConfig.getStringValue] key[//upload/baseDir/@value] value[C:\WEBSQUARE_DEV_PACK_SP5\workspace\resource\ws5\websquare_home\upload] defaultValue[null]
06/26 17:25:46.098 [http-nio-9090-exec-4/INFO][NativeMethodAccessorImpl.invoke0:-2] [WebSquareConfig.getStringValue] key[//upload/folderName/@value] value[up] defaultValue[]
06/26 17:25:46.217 [http-nio-9090-exec-4/INFO][NativeMethodAccessorImpl.invoke0:-2] [WebSquareConfig.getStringValue] key[//webpackType/@value] value[] defaultValue[default]
06/26 17:25:47.219 [http-nio-9090-exec-4/INFO][GeneratedMethodAccessor52.invoke:-1] [WebSquareConfig.getStringValue] key[//engineType/@baseFolder] value[] defaultValue[]
06/26 17:25:47.495 [http-nio-9090-exec-4/INFO][GeneratedMethodAccessor52.invoke:-1] [WebSquareConfig.getStringValue] key[//engineType/@coverage] value[notsupport] defaultValue[notsupport]
06/26 17:25:47.496 [http-nio-9090-exec-4/SEVERE][GeneratedMethodAccessor52.invoke:-1] LoadingModule [websquare.WebSquareEngine][3536519][1]
06/26 17:25:47.812 [http-nio-9090-exec-4/INFO][GeneratedMethodAccessor52.invoke:-1] [WebSquareConfig.getStringValue] key[//webpackType/@etag] value[] defaultValue[support]
06/26 17:25:48.325 [http-nio-9090-exec-9/INFO][GeneratedMethodAccessor52.invoke:-1] [WebSquareConfig.getStringValue] key[//date/encoding/@value] value[] defaultValue[UTF-8]
06/26 17:27:50.109 [http-nio-9090-exec-1/INFO][NativeMethodAccessorImpl.invoke0:-2] [WebSquareConfig.getStringValue] key[//wqDefiner/@value] value[] defaultValue[]
06/26 17:27:50.116 [http-nio-9090-exec-1/INFO][NativeMethodAccessorImpl.invoke0:-2] [WebSquareConfig.getStringValue] key[//upload/@support] value[] defaultValue[true]
06/26 17:27:50.118 [http-nio-9090-exec-1/INFO][NativeMethodAccessorImpl.invoke0:-2] [WebSquareConfig.getStringValue] key[/websquare/upload/maxUploadSize/@value] value[200000000] defaultValue[1048576]
06/26 17:27:50.149 [http-nio-9090-exec-1/INFO][NativeMethodAccessorImpl.invoke0:-2] [WebSquareConfig.getStringValue] key[//upload/encoding/@value] value[UTF-8] defaultValue[KSC5601]
06/26 17:27:50.155 [http-nio-9090-exec-1/INFO][NativeMethodAccessorImpl.invoke0:-2] [WebSquareConfig.getStringValue] key[//upload/baseDir/@value] value[C:\WEBSQUARE_DEV_PACK_SP5\workspace\resource\ws5\websquare_home\upload] defaultValue[null]
06/26 17:27:50.157 [http-nio-9090-exec-1/INFO][NativeMethodAccessorImpl.invoke0:-2] [WebSquareConfig.getStringValue] key[//upload/folderName/@value] value[up] defaultValue[]
06/26 17:27:50.266 [http-nio-9090-exec-1/INFO][NativeMethodAccessorImpl.invoke0:-2] [WebSquareConfig.getStringValue] key[//date/encoding/@value] value[] defaultValue[UTF-8]
06/26 17:35:46.407 [http-nio-9090-exec-11/INFO][NativeMethodAccessorImpl.invoke0:-2] [WebSquareConfig.getStringValue] key[//wqDefiner/@value] value[] defaultValue[]
06/26 17:35:46.412 [http-nio-9090-exec-11/INFO][NativeMethodAccessorImpl.invoke0:-2] [WebSquareConfig.getStringValue] key[//upload/@support] value[] defaultValue[true]
06/26 17:35:46.414 [http-nio-9090-exec-11/INFO][NativeMethodAccessorImpl.invoke0:-2] [WebSquareConfig.getStringValue] key[/websquare/upload/maxUploadSize/@value] value[200000000] defaultValue[1048576]
06/26 17:35:46.426 [http-nio-9090-exec-11/INFO][NativeMethodAccessorImpl.invoke0:-2] [WebSquareConfig.getStringValue] key[//upload/encoding/@value] value[UTF-8] defaultValue[KSC5601]
06/26 17:35:46.434 [http-nio-9090-exec-11/INFO][NativeMethodAccessorImpl.invoke0:-2] [WebSquareConfig.getStringValue] key[//upload/baseDir/@value] value[C:\WEBSQUARE_DEV_PACK_SP5\workspace\resource\ws5\websquare_home\upload] defaultValue[null]
06/26 17:35:46.437 [http-nio-9090-exec-11/INFO][NativeMethodAccessorImpl.invoke0:-2] [WebSquareConfig.getStringValue] key[//upload/folderName/@value] value[up] defaultValue[]
06/26 17:35:46.520 [http-nio-9090-exec-11/INFO][NativeMethodAccessorImpl.invoke0:-2] [WebSquareConfig.getStringValue] key[//date/encoding/@value] value[] defaultValue[UTF-8]
